# JRE version: 7.0_21-b12
# Java VM: Java HotSpot(TM) 64-Bit Server VM (23.21-b01 mixed mode bsd-amd64 compressed oops)
Heap
 def new generation   total 3200K, used 1963K [0x00000007f0800000, 0x00000007f0b70000, 0x00000007f3f50000)
  eden space 2880K,  61% used [0x00000007f0800000, 0x00000007f09b83b0, 0x00000007f0ad0000)
  from space 320K,  63% used [0x00000007f0ad0000, 0x00000007f0b02be0, 0x00000007f0b20000)
  to   space 320K,   0% used [0x00000007f0b20000, 0x00000007f0b20000, 0x00000007f0b70000)
 tenured generation   total 7040K, used 2266K [0x00000007f3f50000, 0x00000007f4630000, 0x00000007fae00000)
   the space 7040K,  32% used [0x00000007f3f50000, 0x00000007f4186a40, 0x00000007f4186c00, 0x00000007f4630000)
 compacting perm gen  total 21248K, used 6948K [0x00000007fae00000, 0x00000007fc2c0000, 0x0000000800000000)
   the space 21248K,  32% used [0x00000007fae00000, 0x00000007fb4c9160, 0x00000007fb4c9200, 0x00000007fc2c0000)
GC Heap History (10 events):
Event: 94.208 GC heap before
{Heap before GC invocations=579 (full 0):
 def new generation   total 3200K, used 3047K [0x00000007f0800000, 0x00000007f0b70000, 0x00000007f3f50000)
  eden space 2880K,  98% used [0x00000007f0800000, 0x00000007f0ac7078, 0x00000007f0ad0000)
  from space 320K,  63% used [0x00000007f0b20000, 0x00000007f0b52be0, 0x00000007f0b70000)
  to   space 320K,   0% used [0x00000007f0ad0000, 0x00000007f0ad0000, 0x00000007f0b20000)
 tenured generation   total 7040K, used 2264K [0x00000007f3f50000, 0x00000007f4630000, 0x00000007fae00000)
   the space 7040K,  32% used [0x00000007f3f50000, 0x00000007f4186248, 0x00000007f4186400, 0x00000007f4630000)
 compacting perm gen  total 21248K, used 6938K [0x00000007fae00000, 0x00000007fc2c0000, 0x0000000800000000)
   the space 21248K,  32% used [0x00000007fae00000, 0x00000007fb4c6840, 0x00000007fb4c6a00, 0x00000007fc2c0000)
No shared spaces configured.
Event: 94.209 GC heap after
Heap after GC invocations=580 (full 0):
 def new generation   total 3200K, used 202K [0x00000007f0800000, 0x00000007f0b70000, 0x00000007f3f50000)
  eden space 2880K,   0% used [0x00000007f0800000, 0x00000007f0800000, 0x00000007f0ad0000)
  from space 320K,  63% used [0x00000007f0ad0000, 0x00000007f0b02be0, 0x00000007f0b20000)
  to   space 320K,   0% used [0x00000007f0b20000, 0x00000007f0b20000, 0x00000007f0b70000)
 tenured generation   total 7040K, used 2264K [0x00000007f3f50000, 0x00000007f4630000, 0x00000007fae00000)
   the space 7040K,  32% used [0x00000007f3f50000, 0x00000007f41863e0, 0x00000007f4186400, 0x00000007f4630000)
 compacting perm gen  total 21248K, used 6938K [0x00000007fae00000, 0x00000007fc2c0000, 0x0000000800000000)
   the space 21248K,  32% used [0x00000007fae00000, 0x00000007fb4c6840, 0x00000007fb4c6a00, 0x00000007fc2c0000)
No shared spaces configured.
}
Event: 94.408 GC heap before
{Heap before GC invocations=580 (full 0):
 def new generation   total 3200K, used 3047K [0x00000007f0800000, 0x00000007f0b70000, 0x00000007f3f50000)
  eden space 2880K,  98% used [0x00000007f0800000, 0x00000007f0ac7078, 0x00000007f0ad0000)
  from space 320K,  63% used [0x00000007f0ad0000, 0x00000007f0b02be0, 0x00000007f0b20000)
  to   space 320K,   0% used [0x00000007f0b20000, 0x00000007f0b20000, 0x00000007f0b70000)
 tenured generation   total 7040K, used 2264K [0x00000007f3f50000, 0x00000007f4630000, 0x00000007fae00000)
   the space 7040K,  32% used [0x00000007f3f50000, 0x00000007f41863e0, 0x00000007f4186400, 0x00000007f4630000)
 compacting perm gen  total 21248K, used 6938K [0x00000007fae00000, 0x00000007fc2c0000, 0x0000000800000000)
   the space 21248K,  32% used [0x00000007fae00000, 0x00000007fb4c6840, 0x00000007fb4c6a00, 0x00000007fc2c0000)
No shared spaces configured.
Event: 94.408 GC heap after
Heap after GC invocations=581 (full 0):
 def new generation   total 3200K, used 202K [0x00000007f0800000, 0x00000007f0b70000, 0x00000007f3f50000)
  eden space 2880K,   0% used [0x00000007f0800000, 0x00000007f0800000, 0x00000007f0ad0000)
  from space 320K,  63% used [0x00000007f0b20000, 0x00000007f0b52be0, 0x00000007f0b70000)
  to   space 320K,   0% used [0x00000007f0ad0000, 0x00000007f0ad0000, 0x00000007f0b20000)
 tenured generation   total 7040K, used 2265K [0x00000007f3f50000, 0x00000007f4630000, 0x00000007fae00000)
   the space 7040K,  32% used [0x00000007f3f50000, 0x00000007f4186578, 0x00000007f4186600, 0x00000007f4630000)
 compacting perm gen  total 21248K, used 6938K [0x00000007fae00000, 0x00000007fc2c0000, 0x0000000800000000)
   the space 21248K,  32% used [0x00000007fae00000, 0x00000007fb4c6840, 0x00000007fb4c6a00, 0x00000007fc2c0000)
No shared spaces configured.
}
Event: 94.608 GC heap before
{Heap before GC invocations=581 (full 0):
 def new generation   total 3200K, used 3047K [0x00000007f0800000, 0x00000007f0b70000, 0x00000007f3f50000)
  eden space 2880K,  98% used [0x00000007f0800000, 0x00000007f0ac7078, 0x00000007f0ad0000)
  from space 320K,  63% used [0x00000007f0b20000, 0x00000007f0b52be0, 0x00000007f0b70000)
  to   space 320K,   0% used [0x00000007f0ad0000, 0x00000007f0ad0000, 0x00000007f0b20000)
 tenured generation   total 7040K, used 2265K [0x00000007f3f50000, 0x00000007f4630000, 0x00000007fae00000)
   the space 7040K,  32% used [0x00000007f3f50000, 0x00000007f4186578, 0x00000007f4186600, 0x00000007f4630000)
 compacting perm gen  total 21248K, used 6938K [0x00000007fae00000, 0x00000007fc2c0000, 0x0000000800000000)
   the space 21248K,  32% used [0x00000007fae00000, 0x00000007fb4c6840, 0x00000007fb4c6a00, 0x00000007fc2c0000)
No shared spaces configured.
Event: 94.608 GC heap after
Heap after GC invocations=582 (full 0):
 def new generation   total 3200K, used 202K [0x00000007f0800000, 0x00000007f0b70000, 0x00000007f3f50000)
  eden space 2880K,   0% used [0x00000007f0800000, 0x00000007f0800000, 0x00000007f0ad0000)
  from space 320K,  63% used [0x00000007f0ad0000, 0x00000007f0b02be0, 0x00000007f0b20000)
  to   space 320K,   0% used [0x00000007f0b20000, 0x00000007f0b20000, 0x00000007f0b70000)
 tenured generation   total 7040K, used 2265K [0x00000007f3f50000, 0x00000007f4630000, 0x00000007fae00000)
   the space 7040K,  32% used [0x00000007f3f50000, 0x00000007f4186710, 0x00000007f4186800, 0x00000007f4630000)
 compacting perm gen  total 21248K, used 6938K [0x00000007fae00000, 0x00000007fc2c0000, 0x0000000800000000)
   the space 21248K,  32% used [0x00000007fae00000, 0x00000007fb4c6840, 0x00000007fb4c6a00, 0x00000007fc2c0000)
No shared spaces configured.
}
Event: 94.809 GC heap before
{Heap before GC invocations=582 (full 0):
 def new generation   total 3200K, used 3047K [0x00000007f0800000, 0x00000007f0b70000, 0x00000007f3f50000)
  eden space 2880K,  98% used [0x00000007f0800000, 0x00000007f0ac7078, 0x00000007f0ad0000)
  from space 320K,  63% used [0x00000007f0ad0000, 0x00000007f0b02be0, 0x00000007f0b20000)
  to   space 320K,   0% used [0x00000007f0b20000, 0x00000007f0b20000, 0x00000007f0b70000)
 tenured generation   total 7040K, used 2265K [0x00000007f3f50000, 0x00000007f4630000, 0x00000007fae00000)
   the space 7040K,  32% used [0x00000007f3f50000, 0x00000007f4186710, 0x00000007f4186800, 0x00000007f4630000)
 compacting perm gen  total 21248K, used 6938K [0x00000007fae00000, 0x00000007fc2c0000, 0x0000000800000000)
   the space 21248K,  32% used [0x00000007fae00000, 0x00000007fb4c6840, 0x00000007fb4c6a00, 0x00000007fc2c0000)
No shared spaces configured.
Event: 94.809 GC heap after
Heap after GC invocations=583 (full 0):
 def new generation   total 3200K, used 202K [0x00000007f0800000, 0x00000007f0b70000, 0x00000007f3f50000)
  eden space 2880K,   0% used [0x00000007f0800000, 0x00000007f0800000, 0x00000007f0ad0000)
  from space 320K,  63% used [0x00000007f0b20000, 0x00000007f0b52be0, 0x00000007f0b70000)
  to   space 320K,   0% used [0x00000007f0ad0000, 0x00000007f0ad0000, 0x00000007f0b20000)
 tenured generation   total 7040K, used 2266K [0x00000007f3f50000, 0x00000007f4630000, 0x00000007fae00000)
   the space 7040K,  32% used [0x00000007f3f50000, 0x00000007f41868a8, 0x00000007f4186a00, 0x00000007f4630000)
 compacting perm gen  total 21248K, used 6938K [0x00000007fae00000, 0x00000007fc2c0000, 0x0000000800000000)
   the space 21248K,  32% used [0x00000007fae00000, 0x00000007fb4c6840, 0x00000007fb4c6a00, 0x00000007fc2c0000)
No shared spaces configured.
}
Event: 95.008 GC heap before
{Heap before GC invocations=583 (full 0):
 def new generation   total 3200K, used 3047K [0x00000007f0800000, 0x00000007f0b70000, 0x00000007f3f50000)
  eden space 2880K,  98% used [0x00000007f0800000, 0x00000007f0ac7078, 0x00000007f0ad0000)
  from space 320K,  63% used [0x00000007f0b20000, 0x00000007f0b52be0, 0x00000007f0b70000)
  to   space 320K,   0% used [0x00000007f0ad0000, 0x00000007f0ad0000, 0x00000007f0b20000)
 tenured generation   total 7040K, used 2266K [0x00000007f3f50000, 0x00000007f4630000, 0x00000007fae00000)
   the space 7040K,  32% used [0x00000007f3f50000, 0x00000007f41868a8, 0x00000007f4186a00, 0x00000007f4630000)
 compacting perm gen  total 21248K, used 6938K [0x00000007fae00000, 0x00000007fc2c0000, 0x0000000800000000)
   the space 21248K,  32% used [0x00000007fae00000, 0x00000007fb4c6840, 0x00000007fb4c6a00, 0x00000007fc2c0000)
No shared spaces configured.
Event: 95.008 GC heap after
Heap after GC invocations=584 (full 0):
 def new generation   total 3200K, used 202K [0x00000007f0800000, 0x00000007f0b70000, 0x00000007f3f50000)
  eden space 2880K,   0% used [0x00000007f0800000, 0x00000007f0800000, 0x00000007f0ad0000)
  from space 320K,  63% used [0x00000007f0ad0000, 0x00000007f0b02be0, 0x00000007f0b20000)
  to   space 320K,   0% used [0x00000007f0b20000, 0x00000007f0b20000, 0x00000007f0b70000)
 tenured generation   total 7040K, used 2266K [0x00000007f3f50000, 0x00000007f4630000, 0x00000007fae00000)
   the space 7040K,  32% used [0x00000007f3f50000, 0x00000007f4186a40, 0x00000007f4186c00, 0x00000007f4630000)
 compacting perm gen  total 21248K, used 6938K [0x00000007fae00000, 0x00000007fc2c0000, 0x0000000800000000)
   the space 21248K,  32% used [0x00000007fae00000, 0x00000007fb4c6840, 0x00000007fb4c6a00, 0x00000007fc2c0000)
No shared spaces configured.
}

