# JRE version: 7.0_21-b12
# Java VM: Java HotSpot(TM) 64-Bit Server VM (23.21-b01 mixed mode bsd-amd64 compressed oops)
Heap
 def new generation   total 3264K, used 507K [0x000000010e9c0000, 0x000000010ed40000, 0x0000000112260000)
  eden space 2944K,  17% used [0x000000010e9c0000, 0x000000010ea3d2d0, 0x000000010eca0000)
  from space 320K,   2% used [0x000000010ecf0000, 0x000000010ecf19d8, 0x000000010ed40000)
  to   space 320K,   0% used [0x000000010eca0000, 0x000000010eca0000, 0x000000010ecf0000)
 tenured generation   total 7232K, used 1846K [0x0000000112260000, 0x0000000112970000, 0x00000001193c0000)
   the space 7232K,  25% used [0x0000000112260000, 0x000000011242d8d8, 0x000000011242da00, 0x0000000112970000)
 compacting perm gen  total 21248K, used 6602K [0x00000001193c0000, 0x000000011a880000, 0x000000011e5c0000)
   the space 21248K,  31% used [0x00000001193c0000, 0x0000000119a32b10, 0x0000000119a32c00, 0x000000011a880000)
GC Heap History (10 events):
Event: 0.161 GC heap before
{Heap before GC invocations=0 (full 0):
 def new generation   total 3264K, used 2944K [0x000000010e9c0000, 0x000000010ed40000, 0x0000000112260000)
  eden space 2944K, 100% used [0x000000010e9c0000, 0x000000010eca0000, 0x000000010eca0000)
  from space 320K,   0% used [0x000000010eca0000, 0x000000010eca0000, 0x000000010ecf0000)
  to   space 320K,   0% used [0x000000010ecf0000, 0x000000010ecf0000, 0x000000010ed40000)
 tenured generation   total 7232K, used 0K [0x0000000112260000, 0x0000000112970000, 0x00000001193c0000)
   the space 7232K,   0% used [0x0000000112260000, 0x0000000112260000, 0x0000000112260200, 0x0000000112970000)
 compacting perm gen  total 21248K, used 3461K [0x00000001193c0000, 0x000000011a880000, 0x000000011e5c0000)
   the space 21248K,  16% used [0x00000001193c0000, 0x0000000119721470, 0x0000000119721600, 0x000000011a880000)
No shared spaces configured.
Event: 0.164 GC heap after
Heap after GC invocations=1 (full 0):
 def new generation   total 3264K, used 320K [0x000000010e9c0000, 0x000000010ed40000, 0x0000000112260000)
  eden space 2944K,   0% used [0x000000010e9c0000, 0x000000010e9c0000, 0x000000010eca0000)
  from space 320K, 100% used [0x000000010ecf0000, 0x000000010ed40000, 0x000000010ed40000)
  to   space 320K,   0% used [0x000000010eca0000, 0x000000010eca0000, 0x000000010ecf0000)
 tenured generation   total 7232K, used 383K [0x0000000112260000, 0x0000000112970000, 0x00000001193c0000)
   the space 7232K,   5% used [0x0000000112260000, 0x00000001122bfe88, 0x00000001122c0000, 0x0000000112970000)
 compacting perm gen  total 21248K, used 3461K [0x00000001193c0000, 0x000000011a880000, 0x000000011e5c0000)
   the space 21248K,  16% used [0x00000001193c0000, 0x0000000119721470, 0x0000000119721600, 0x000000011a880000)
No shared spaces configured.
}
Event: 0.345 GC heap before
{Heap before GC invocations=1 (full 0):
 def new generation   total 3264K, used 3264K [0x000000010e9c0000, 0x000000010ed40000, 0x0000000112260000)
  eden space 2944K, 100% used [0x000000010e9c0000, 0x000000010eca0000, 0x000000010eca0000)
  from space 320K, 100% used [0x000000010ecf0000, 0x000000010ed40000, 0x000000010ed40000)
  to   space 320K,   0% used [0x000000010eca0000, 0x000000010eca0000, 0x000000010ecf0000)
 tenured generation   total 7232K, used 383K [0x0000000112260000, 0x0000000112970000, 0x00000001193c0000)
   the space 7232K,   5% used [0x0000000112260000, 0x00000001122bfe88, 0x00000001122c0000, 0x0000000112970000)
 compacting perm gen  total 21248K, used 5079K [0x00000001193c0000, 0x000000011a880000, 0x000000011e5c0000)
   the space 21248K,  23% used [0x00000001193c0000, 0x00000001198b5e30, 0x00000001198b6000, 0x000000011a880000)
No shared spaces configured.
Event: 0.348 GC heap after
Heap after GC invocations=2 (full 0):
 def new generation   total 3264K, used 320K [0x000000010e9c0000, 0x000000010ed40000, 0x0000000112260000)
  eden space 2944K,   0% used [0x000000010e9c0000, 0x000000010e9c0000, 0x000000010eca0000)
  from space 320K, 100% used [0x000000010eca0000, 0x000000010ecf0000, 0x000000010ecf0000)
  to   space 320K,   0% used [0x000000010ecf0000, 0x000000010ecf0000, 0x000000010ed40000)
 tenured generation   total 7232K, used 905K [0x0000000112260000, 0x0000000112970000, 0x00000001193c0000)
   the space 7232K,  12% used [0x0000000112260000, 0x0000000112342400, 0x0000000112342400, 0x0000000112970000)
 compacting perm gen  total 21248K, used 5079K [0x00000001193c0000, 0x000000011a880000, 0x000000011e5c0000)
   the space 21248K,  23% used [0x00000001193c0000, 0x00000001198b5e30, 0x00000001198b6000, 0x000000011a880000)
No shared spaces configured.
}
Event: 1.327 GC heap before
{Heap before GC invocations=2 (full 0):
 def new generation   total 3264K, used 3257K [0x000000010e9c0000, 0x000000010ed40000, 0x0000000112260000)
  eden space 2944K,  99% used [0x000000010e9c0000, 0x000000010ec9e790, 0x000000010eca0000)
  from space 320K, 100% used [0x000000010eca0000, 0x000000010ecf0000, 0x000000010ecf0000)
  to   space 320K,   0% used [0x000000010ecf0000, 0x000000010ecf0000, 0x000000010ed40000)
 tenured generation   total 7232K, used 905K [0x0000000112260000, 0x0000000112970000, 0x00000001193c0000)
   the space 7232K,  12% used [0x0000000112260000, 0x0000000112342400, 0x0000000112342400, 0x0000000112970000)
 compacting perm gen  total 21248K, used 6134K [0x00000001193c0000, 0x000000011a880000, 0x000000011e5c0000)
   the space 21248K,  28% used [0x00000001193c0000, 0x00000001199bd808, 0x00000001199bda00, 0x000000011a880000)
No shared spaces configured.
Event: 1.330 GC heap after
Heap after GC invocations=3 (full 0):
 def new generation   total 3264K, used 319K [0x000000010e9c0000, 0x000000010ed40000, 0x0000000112260000)
  eden space 2944K,   0% used [0x000000010e9c0000, 0x000000010e9c0000, 0x000000010eca0000)
  from space 320K,  99% used [0x000000010ecf0000, 0x000000010ed3fff8, 0x000000010ed40000)
  to   space 320K,   0% used [0x000000010eca0000, 0x000000010eca0000, 0x000000010ecf0000)
 tenured generation   total 7232K, used 1354K [0x0000000112260000, 0x0000000112970000, 0x00000001193c0000)
   the space 7232K,  18% used [0x0000000112260000, 0x00000001123b2978, 0x00000001123b2a00, 0x0000000112970000)
 compacting perm gen  total 21248K, used 6134K [0x00000001193c0000, 0x000000011a880000, 0x000000011e5c0000)
   the space 21248K,  28% used [0x00000001193c0000, 0x00000001199bd808, 0x00000001199bda00, 0x000000011a880000)
No shared spaces configured.
}
Event: 29.748 GC heap before
{Heap before GC invocations=3 (full 0):
 def new generation   total 3264K, used 3263K [0x000000010e9c0000, 0x000000010ed40000, 0x0000000112260000)
  eden space 2944K, 100% used [0x000000010e9c0000, 0x000000010eca0000, 0x000000010eca0000)
  from space 320K,  99% used [0x000000010ecf0000, 0x000000010ed3fff8, 0x000000010ed40000)
  to   space 320K,   0% used [0x000000010eca0000, 0x000000010eca0000, 0x000000010ecf0000)
 tenured generation   total 7232K, used 1354K [0x0000000112260000, 0x0000000112970000, 0x00000001193c0000)
   the space 7232K,  18% used [0x0000000112260000, 0x00000001123b2978, 0x00000001123b2a00, 0x0000000112970000)
 compacting perm gen  total 21248K, used 6551K [0x00000001193c0000, 0x000000011a880000, 0x000000011e5c0000)
   the space 21248K,  30% used [0x00000001193c0000, 0x0000000119a25c50, 0x0000000119a25e00, 0x000000011a880000)
No shared spaces configured.
Event: 29.750 GC heap after
Heap after GC invocations=4 (full 0):
 def new generation   total 3264K, used 320K [0x000000010e9c0000, 0x000000010ed40000, 0x0000000112260000)
  eden space 2944K,   0% used [0x000000010e9c0000, 0x000000010e9c0000, 0x000000010eca0000)
  from space 320K, 100% used [0x000000010eca0000, 0x000000010ecf0000, 0x000000010ecf0000)
  to   space 320K,   0% used [0x000000010ecf0000, 0x000000010ecf0000, 0x000000010ed40000)
 tenured generation   total 7232K, used 1661K [0x0000000112260000, 0x0000000112970000, 0x00000001193c0000)
   the space 7232K,  22% used [0x0000000112260000, 0x00000001123ff5b0, 0x00000001123ff600, 0x0000000112970000)
 compacting perm gen  total 21248K, used 6551K [0x00000001193c0000, 0x000000011a880000, 0x000000011e5c0000)
   the space 21248K,  30% used [0x00000001193c0000, 0x0000000119a25c50, 0x0000000119a25e00, 0x000000011a880000)
No shared spaces configured.
}
Event: 115.341 GC heap before
{Heap before GC invocations=4 (full 0):
 def new generation   total 3264K, used 3264K [0x000000010e9c0000, 0x000000010ed40000, 0x0000000112260000)
  eden space 2944K, 100% used [0x000000010e9c0000, 0x000000010eca0000, 0x000000010eca0000)
  from space 320K, 100% used [0x000000010eca0000, 0x000000010ecf0000, 0x000000010ecf0000)
  to   space 320K,   0% used [0x000000010ecf0000, 0x000000010ecf0000, 0x000000010ed40000)
 tenured generation   total 7232K, used 1661K [0x0000000112260000, 0x0000000112970000, 0x00000001193c0000)
   the space 7232K,  22% used [0x0000000112260000, 0x00000001123ff5b0, 0x00000001123ff600, 0x0000000112970000)
 compacting perm gen  total 21248K, used 6587K [0x00000001193c0000, 0x000000011a880000, 0x000000011e5c0000)
   the space 21248K,  31% used [0x00000001193c0000, 0x0000000119a2ed20, 0x0000000119a2ee00, 0x000000011a880000)
No shared spaces configured.
Event: 115.342 GC heap after
Heap after GC invocations=5 (full 0):
 def new generation   total 3264K, used 6K [0x000000010e9c0000, 0x000000010ed40000, 0x0000000112260000)
  eden space 2944K,   0% used [0x000000010e9c0000, 0x000000010e9c0000, 0x000000010eca0000)
  from space 320K,   2% used [0x000000010ecf0000, 0x000000010ecf19d8, 0x000000010ed40000)
  to   space 320K,   0% used [0x000000010eca0000, 0x000000010eca0000, 0x000000010ecf0000)
 tenured generation   total 7232K, used 1846K [0x0000000112260000, 0x0000000112970000, 0x00000001193c0000)
   the space 7232K,  25% used [0x0000000112260000, 0x000000011242d8d8, 0x000000011242da00, 0x0000000112970000)
 compacting perm gen  total 21248K, used 6587K [0x00000001193c0000, 0x000000011a880000, 0x000000011e5c0000)
   the space 21248K,  31% used [0x00000001193c0000, 0x0000000119a2ed20, 0x0000000119a2ee00, 0x000000011a880000)
No shared spaces configured.
}

